2024-07-09 20:18:24,940 INFO c.i.l.TestListeners [TestNG-tests-1] ==========================================================
2024-07-09 20:18:24,940 INFO c.i.l.TestListeners [TestNG-tests-2] ==========================================================
2024-07-09 20:18:24,947 INFO c.i.l.TestListeners [TestNG-tests-2] Test TestSecondUI started
2024-07-09 20:18:24,947 INFO c.i.l.TestListeners [TestNG-tests-1] Test TestFirstUI started
2024-07-09 20:18:24,948 INFO c.i.l.TestListeners [TestNG-tests-2] ==========================================================
2024-07-09 20:18:24,948 INFO c.i.l.TestListeners [TestNG-tests-1] ==========================================================
2024-07-09 20:18:37,674 INFO c.i.l.ElementListenersActions [TestNG-tests-2] Find element By.xpath: //*[@name="search"] Decorated {[[RemoteWebDriver: chrome on Windows 10 (c7db96953fd97d63ff165be85513eda6)] -> xpath: //*[@name="search"]]} Decorated {[[RemoteWebDriver: chrome on Windows 10 (c7db96953fd97d63ff165be85513eda6)] -> xpath: //*[@name="search"]]}
2024-07-09 20:18:37,737 INFO c.i.l.ElementListenersActions [TestNG-tests-1] Find element By.xpath: //*[@name="search"] Decorated {[[RemoteWebDriver: chrome on Windows 10 (c7db96953fd97d63ff165be85513eda6)] -> xpath: //*[@name="search"]]} Decorated {[[RemoteWebDriver: chrome on Windows 10 (c7db96953fd97d63ff165be85513eda6)] -> xpath: //*[@name="search"]]}
2024-07-09 20:18:38,205 INFO c.i.l.ElementListenersActions [TestNG-tests-2] Find element By.xpath: //*[@name="search"] Decorated {[[RemoteWebDriver: chrome on Windows 10 (c7db96953fd97d63ff165be85513eda6)] -> xpath: //*[@name="search"]]} Decorated {[[RemoteWebDriver: chrome on Windows 10 (c7db96953fd97d63ff165be85513eda6)] -> xpath: //*[@name="search"]]}
2024-07-09 20:18:38,227 INFO c.i.l.ElementListenersActions [TestNG-tests-1] Find element By.xpath: //*[@name="search"] Decorated {[[RemoteWebDriver: chrome on Windows 10 (c7db96953fd97d63ff165be85513eda6)] -> xpath: //*[@name="search"]]} Decorated {[[RemoteWebDriver: chrome on Windows 10 (c7db96953fd97d63ff165be85513eda6)] -> xpath: //*[@name="search"]]}
2024-07-09 20:18:38,487 INFO c.i.l.ElementListenersActions [TestNG-tests-2] Click to [[RemoteWebDriver: chrome on Windows 10 (c7db96953fd97d63ff165be85513eda6)] -> xpath: //*[@name="search"]]
2024-07-09 20:18:38,601 INFO c.i.l.ElementListenersActions [TestNG-tests-1] Click to [[RemoteWebDriver: chrome on Windows 10 (c7db96953fd97d63ff165be85513eda6)] -> xpath: //*[@name="search"]]
2024-07-09 20:18:38,638 INFO c.i.l.ElementListenersActions [TestNG-tests-2] Find element By.xpath: //*[@name="search"] Decorated {[[RemoteWebDriver: chrome on Windows 10 (c7db96953fd97d63ff165be85513eda6)] -> xpath: //*[@name="search"]]} Decorated {[[RemoteWebDriver: chrome on Windows 10 (c7db96953fd97d63ff165be85513eda6)] -> xpath: //*[@name="search"]]}
2024-07-09 20:18:38,656 INFO c.i.l.ElementListenersActions [TestNG-tests-1] Find element By.xpath: //*[@name="search"] Decorated {[[RemoteWebDriver: chrome on Windows 10 (c7db96953fd97d63ff165be85513eda6)] -> xpath: //*[@name="search"]]} Decorated {[[RemoteWebDriver: chrome on Windows 10 (c7db96953fd97d63ff165be85513eda6)] -> xpath: //*[@name="search"]]}
2024-07-09 20:18:38,806 INFO c.i.l.ElementListenersActions [TestNG-tests-2] [Ljava.lang.CharSequence;@7797b579 was typed element [[RemoteWebDriver: chrome on Windows 10 (c7db96953fd97d63ff165be85513eda6)] -> xpath: //*[@name="search"]]
2024-07-09 20:18:38,906 INFO c.i.l.ElementListenersActions [TestNG-tests-1] [Ljava.lang.CharSequence;@285e100c was typed element [[RemoteWebDriver: chrome on Windows 10 (c7db96953fd97d63ff165be85513eda6)] -> xpath: //*[@name="search"]]
2024-07-09 20:18:39,008 INFO c.i.l.ElementListenersActions [TestNG-tests-2] Find element By.xpath: //button[@type="button"] Decorated {[[RemoteWebDriver: chrome on Windows 10 (c7db96953fd97d63ff165be85513eda6)] -> xpath: //button[@type="button"]]} Decorated {[[RemoteWebDriver: chrome on Windows 10 (c7db96953fd97d63ff165be85513eda6)] -> xpath: //button[@type="button"]]}
2024-07-09 20:18:39,066 INFO c.i.l.ElementListenersActions [TestNG-tests-1] Find element By.xpath: //button[@type="button"] Decorated {[[RemoteWebDriver: chrome on Windows 10 (c7db96953fd97d63ff165be85513eda6)] -> xpath: //button[@type="button"]]} Decorated {[[RemoteWebDriver: chrome on Windows 10 (c7db96953fd97d63ff165be85513eda6)] -> xpath: //button[@type="button"]]}
2024-07-09 20:18:43,996 INFO c.i.l.ElementListenersActions [TestNG-tests-2] Click to [[RemoteWebDriver: chrome on Windows 10 (c7db96953fd97d63ff165be85513eda6)] -> xpath: //button[@type="button"]]
2024-07-09 20:18:44,055 INFO c.i.l.TestListeners [TestNG-tests-1] ==========================================================
2024-07-09 20:18:44,056 INFO c.i.l.TestListeners [TestNG-tests-1] Test TestFirstUI started
2024-07-09 20:18:44,056 INFO c.i.l.TestListeners [TestNG-tests-1] ==========================================================
2024-07-09 20:18:44,467 INFO c.i.l.ElementListenersActions [TestNG-tests-2] Find elements By.xpath: //div[@class="price"] [Decorated {[[RemoteWebDriver: chrome on Windows 10 (c7db96953fd97d63ff165be85513eda6)] -> xpath: //div[@class="price"]]}, Decorated {[[RemoteWebDriver: chrome on Windows 10 (c7db96953fd97d63ff165be85513eda6)] -> xpath: //div[@class="price"]]}, Decorated {[[RemoteWebDriver: chrome on Windows 10 (c7db96953fd97d63ff165be85513eda6)] -> xpath: //div[@class="price"]]}, Decorated {[[RemoteWebDriver: chrome on Windows 10 (c7db96953fd97d63ff165be85513eda6)] -> xpath: //div[@class="price"]]}, Decorated {[[RemoteWebDriver: chrome on Windows 10 (c7db96953fd97d63ff165be85513eda6)] -> xpath: //div[@class="price"]]}, Decorated {[[RemoteWebDriver: chrome on Windows 10 (c7db96953fd97d63ff165be85513eda6)] -> xpath: //div[@class="price"]]}, Decorated {[[RemoteWebDriver: chrome on Windows 10 (c7db96953fd97d63ff165be85513eda6)] -> xpath: //div[@class="price"]]}, Decorated {[[RemoteWebDriver: chrome on Windows 10 (c7db96953fd97d63ff165be85513eda6)] -> xpath: //div[@class="price"]]}, Decorated {[[RemoteWebDriver: chrome on Windows 10 (c7db96953fd97d63ff165be85513eda6)] -> xpath: //div[@class="price"]]}, Decorated {[[RemoteWebDriver: chrome on Windows 10 (c7db96953fd97d63ff165be85513eda6)] -> xpath: //div[@class="price"]]}, Decorated {[[RemoteWebDriver: chrome on Windows 10 (c7db96953fd97d63ff165be85513eda6)] -> xpath: //div[@class="price"]]}, Decorated {[[RemoteWebDriver: chrome on Windows 10 (c7db96953fd97d63ff165be85513eda6)] -> xpath: //div[@class="price"]]}, Decorated {[[RemoteWebDriver: chrome on Windows 10 (c7db96953fd97d63ff165be85513eda6)] -> xpath: //div[@class="price"]]}, Decorated {[[RemoteWebDriver: chrome on Windows 10 (c7db96953fd97d63ff165be85513eda6)] -> xpath: //div[@class="price"]]}, Decorated {[[RemoteWebDriver: chrome on Windows 10 (c7db96953fd97d63ff165be85513eda6)] -> xpath: //div[@class="price"]]}, Decorated {[[RemoteWebDriver: chrome on Windows 10 (c7db96953fd97d63ff165be85513eda6)] -> xpath: //div[@class="price"]]}, Decorated {[[RemoteWebDriver: chrome on Windows 10 (c7db96953fd97d63ff165be85513eda6)] -> xpath: //div[@class="price"]]}, Decorated {[[RemoteWebDriver: chrome on Windows 10 (c7db96953fd97d63ff165be85513eda6)] -> xpath: //div[@class="price"]]}, Decorated {[[RemoteWebDriver: chrome on Windows 10 (c7db96953fd97d63ff165be85513eda6)] -> xpath: //div[@class="price"]]}, Decorated {[[RemoteWebDriver: chrome on Windows 10 (c7db96953fd97d63ff165be85513eda6)] -> xpath: //div[@class="price"]]}, Decorated {[[RemoteWebDriver: chrome on Windows 10 (c7db96953fd97d63ff165be85513eda6)] -> xpath: //div[@class="price"]]}, Decorated {[[RemoteWebDriver: chrome on Windows 10 (c7db96953fd97d63ff165be85513eda6)] -> xpath: //div[@class="price"]]}, Decorated {[[RemoteWebDriver: chrome on Windows 10 (c7db96953fd97d63ff165be85513eda6)] -> xpath: //div[@class="price"]]}, Decorated {[[RemoteWebDriver: chrome on Windows 10 (c7db96953fd97d63ff165be85513eda6)] -> xpath: //div[@class="price"]]}, Decorated {[[RemoteWebDriver: chrome on Windows 10 (c7db96953fd97d63ff165be85513eda6)] -> xpath: //div[@class="price"]]}, Decorated {[[RemoteWebDriver: chrome on Windows 10 (c7db96953fd97d63ff165be85513eda6)] -> xpath: //div[@class="price"]]}, Decorated {[[RemoteWebDriver: chrome on Windows 10 (c7db96953fd97d63ff165be85513eda6)] -> xpath: //div[@class="price"]]}, Decorated {[[RemoteWebDriver: chrome on Windows 10 (c7db96953fd97d63ff165be85513eda6)] -> xpath: //div[@class="price"]]}, Decorated {[[RemoteWebDriver: chrome on Windows 10 (c7db96953fd97d63ff165be85513eda6)] -> xpath: //div[@class="price"]]}, Decorated {[[RemoteWebDriver: chrome on Windows 10 (c7db96953fd97d63ff165be85513eda6)] -> xpath: //div[@class="price"]]}]
2024-07-09 20:18:47,175 INFO c.i.l.TestListeners [TestNG-tests-2] ==========================================================
2024-07-09 20:18:47,176 INFO c.i.l.TestListeners [TestNG-tests-2] Test TestSecondUI started
2024-07-09 20:18:47,177 INFO c.i.l.TestListeners [TestNG-tests-2] ==========================================================
2024-07-09 20:18:47,387 INFO c.i.l.ElementListenersActions [TestNG-tests-1] Find element By.xpath: //*[@name="search"] Decorated {[[RemoteWebDriver: chrome on Windows 10 (c7db96953fd97d63ff165be85513eda6)] -> xpath: //*[@name="search"]]} Decorated {[[RemoteWebDriver: chrome on Windows 10 (c7db96953fd97d63ff165be85513eda6)] -> xpath: //*[@name="search"]]}
2024-07-09 20:18:49,917 INFO c.i.l.TestListeners [TestNG-tests-1] ==========================================================
2024-07-09 20:18:49,918 INFO c.i.l.TestListeners [TestNG-tests-1] Test TestFirstUI started
2024-07-09 20:18:49,918 INFO c.i.l.TestListeners [TestNG-tests-1] ==========================================================
2024-07-09 20:18:49,996 INFO c.i.l.ElementListenersActions [TestNG-tests-2] Find element By.xpath: //*[@name="search"] Decorated {[[RemoteWebDriver: chrome on Windows 10 (c7db96953fd97d63ff165be85513eda6)] -> xpath: //*[@name="search"]]} Decorated {[[RemoteWebDriver: chrome on Windows 10 (c7db96953fd97d63ff165be85513eda6)] -> xpath: //*[@name="search"]]}
2024-07-09 20:18:52,462 INFO c.i.l.TestListeners [TestNG-tests-2] ==========================================================
2024-07-09 20:18:52,463 INFO c.i.l.TestListeners [TestNG-tests-2] Test TestSecondUI started
2024-07-09 20:18:52,464 INFO c.i.l.TestListeners [TestNG-tests-2] ==========================================================
2024-07-09 20:18:52,627 INFO c.i.l.ElementListenersActions [TestNG-tests-1] Find element By.xpath: //*[@name="search"] Decorated {[[RemoteWebDriver: chrome on Windows 10 (c7db96953fd97d63ff165be85513eda6)] -> xpath: //*[@name="search"]]} Decorated {[[RemoteWebDriver: chrome on Windows 10 (c7db96953fd97d63ff165be85513eda6)] -> xpath: //*[@name="search"]]}
2024-07-09 20:18:56,279 INFO c.i.l.TestListeners [TestNG-tests-1] ==========================================================
2024-07-09 20:18:56,280 INFO c.i.l.TestListeners [TestNG-tests-1] Test TestFirstUI started
2024-07-09 20:18:56,282 INFO c.i.l.TestListeners [TestNG-tests-1] ==========================================================
2024-07-09 20:18:56,505 INFO c.i.l.ElementListenersActions [TestNG-tests-2] Find element By.xpath: //*[@name="search"] Decorated {[[RemoteWebDriver: chrome on Windows 10 (c7db96953fd97d63ff165be85513eda6)] -> xpath: //*[@name="search"]]} Decorated {[[RemoteWebDriver: chrome on Windows 10 (c7db96953fd97d63ff165be85513eda6)] -> xpath: //*[@name="search"]]}
2024-07-09 20:18:59,200 INFO c.i.l.TestListeners [TestNG-tests-2] ==========================================================
2024-07-09 20:18:59,200 INFO c.i.l.TestListeners [TestNG-tests-2] Test TestSecondUI started
2024-07-09 20:18:59,201 INFO c.i.l.TestListeners [TestNG-tests-2] ==========================================================
2024-07-09 20:18:59,400 INFO c.i.l.ElementListenersActions [TestNG-tests-1] Find element By.xpath: //*[@name="search"] Decorated {[[RemoteWebDriver: chrome on Windows 10 (c7db96953fd97d63ff165be85513eda6)] -> xpath: //*[@name="search"]]} Decorated {[[RemoteWebDriver: chrome on Windows 10 (c7db96953fd97d63ff165be85513eda6)] -> xpath: //*[@name="search"]]}
2024-07-09 20:19:02,235 INFO c.i.l.TestListeners [TestNG-tests-1] ==========================================================
2024-07-09 20:19:02,236 INFO c.i.l.TestListeners [TestNG-tests-1] Test TestFirstUI started
2024-07-09 20:19:02,236 INFO c.i.l.TestListeners [TestNG-tests-1] ==========================================================
2024-07-09 20:19:02,313 INFO c.i.l.ElementListenersActions [TestNG-tests-2] Find element By.xpath: //*[@name="search"] Decorated {[[RemoteWebDriver: chrome on Windows 10 (c7db96953fd97d63ff165be85513eda6)] -> xpath: //*[@name="search"]]} Decorated {[[RemoteWebDriver: chrome on Windows 10 (c7db96953fd97d63ff165be85513eda6)] -> xpath: //*[@name="search"]]}
2024-07-09 20:19:04,836 INFO c.i.l.TestListeners [TestNG-tests-2] ==========================================================
2024-07-09 20:19:04,837 INFO c.i.l.TestListeners [TestNG-tests-2] Test TestSecondUI started
2024-07-09 20:19:04,837 INFO c.i.l.TestListeners [TestNG-tests-2] ==========================================================
2024-07-09 20:19:04,877 INFO c.i.l.ElementListenersActions [TestNG-tests-1] Find element By.xpath: //*[@name="search"] Decorated {[[RemoteWebDriver: chrome on Windows 10 (c7db96953fd97d63ff165be85513eda6)] -> xpath: //*[@name="search"]]} Decorated {[[RemoteWebDriver: chrome on Windows 10 (c7db96953fd97d63ff165be85513eda6)] -> xpath: //*[@name="search"]]}
2024-07-09 20:19:07,915 INFO c.i.l.TestListeners [TestNG-tests-1] ==========================================================
2024-07-09 20:19:07,916 INFO c.i.l.TestListeners [TestNG-tests-1] Test TestFirstUI failure
2024-07-09 20:19:07,916 INFO c.i.l.TestListeners [TestNG-tests-1] ==========================================================
2024-07-09 20:19:08,248 INFO c.i.l.ElementListenersActions [TestNG-tests-2] Find element By.xpath: //*[@name="search"] Decorated {[[RemoteWebDriver: chrome on Windows 10 (c7db96953fd97d63ff165be85513eda6)] -> xpath: //*[@name="search"]]} Decorated {[[RemoteWebDriver: chrome on Windows 10 (c7db96953fd97d63ff165be85513eda6)] -> xpath: //*[@name="search"]]}
2024-07-09 20:19:08,312 INFO c.i.l.ElementListenersActions [TestNG-tests-2] Find element By.xpath: //*[@name="search"] Decorated {[[RemoteWebDriver: chrome on Windows 10 (c7db96953fd97d63ff165be85513eda6)] -> xpath: //*[@name="search"]]} Decorated {[[RemoteWebDriver: chrome on Windows 10 (c7db96953fd97d63ff165be85513eda6)] -> xpath: //*[@name="search"]]}
2024-07-09 20:19:08,501 INFO c.i.l.TestListeners [TestNG-tests-2] ==========================================================
2024-07-09 20:19:08,503 INFO c.i.l.TestListeners [TestNG-tests-2] Test TestSecondUI failure
2024-07-09 20:19:08,504 INFO c.i.l.TestListeners [TestNG-tests-2] ==========================================================
2024-07-09 20:19:08,548 INFO c.i.l.TestListeners [TestNG-tests-1] ==========================================================
2024-07-09 20:19:08,549 INFO c.i.l.TestListeners [TestNG-tests-1] Test TestThirdUI started
2024-07-09 20:19:08,549 INFO c.i.l.TestListeners [TestNG-tests-1] ==========================================================
2024-07-09 20:19:08,567 INFO c.i.l.TestListeners [TestNG-tests-2] ==========================================================
2024-07-09 20:19:08,567 INFO c.i.l.TestListeners [TestNG-tests-2] Test TestSecondUI failure
2024-07-09 20:19:08,568 INFO c.i.l.TestListeners [TestNG-tests-2] ==========================================================
2024-07-09 20:19:08,575 INFO c.i.l.TestListeners [TestNG-tests-2] ==========================================================
2024-07-09 20:19:08,576 INFO c.i.l.TestListeners [TestNG-tests-2] Test TestFourthUI started
2024-07-09 20:19:08,577 INFO c.i.l.TestListeners [TestNG-tests-2] ==========================================================
2024-07-09 20:19:18,929 INFO c.i.l.ElementListenersActions [TestNG-tests-2] Find element By.xpath: //a[@id="account_link"] Decorated {[[RemoteWebDriver: chrome on Windows 10 (5977c4d07b8e0f6f19efc355ef89b770)] -> xpath: //a[@id="account_link"]]} Decorated {[[RemoteWebDriver: chrome on Windows 10 (5977c4d07b8e0f6f19efc355ef89b770)] -> xpath: //a[@id="account_link"]]}
2024-07-09 20:19:18,964 INFO c.i.l.ElementListenersActions [TestNG-tests-1] Find element By.xpath: //a[@id="account_link"] Decorated {[[RemoteWebDriver: chrome on Windows 10 (5977c4d07b8e0f6f19efc355ef89b770)] -> xpath: //a[@id="account_link"]]} Decorated {[[RemoteWebDriver: chrome on Windows 10 (5977c4d07b8e0f6f19efc355ef89b770)] -> xpath: //a[@id="account_link"]]}
2024-07-09 20:19:19,972 INFO c.i.l.TestListeners [TestNG-tests-1] ==========================================================
2024-07-09 20:19:19,972 INFO c.i.l.TestListeners [TestNG-tests-1] Test TestThirdUI started
2024-07-09 20:19:19,973 INFO c.i.l.TestListeners [TestNG-tests-1] ==========================================================
2024-07-09 20:19:20,025 INFO c.i.l.ElementListenersActions [TestNG-tests-2] Find element By.xpath: //input[@class="form-control"] Decorated {[[RemoteWebDriver: chrome on Windows 10 (5977c4d07b8e0f6f19efc355ef89b770)] -> xpath: //input[@class="form-control"]]} Decorated {[[RemoteWebDriver: chrome on Windows 10 (5977c4d07b8e0f6f19efc355ef89b770)] -> xpath: //input[@class="form-control"]]}
2024-07-09 20:19:21,498 INFO c.i.l.TestListeners [TestNG-tests-2] ==========================================================
2024-07-09 20:19:21,499 INFO c.i.l.TestListeners [TestNG-tests-2] Test TestFourthUI started
2024-07-09 20:19:21,499 INFO c.i.l.TestListeners [TestNG-tests-2] ==========================================================
2024-07-09 20:19:21,566 INFO c.i.l.ElementListenersActions [TestNG-tests-1] Find element By.xpath: //a[@id="account_link"] Decorated {[[RemoteWebDriver: chrome on Windows 10 (5977c4d07b8e0f6f19efc355ef89b770)] -> xpath: //a[@id="account_link"]]} Decorated {[[RemoteWebDriver: chrome on Windows 10 (5977c4d07b8e0f6f19efc355ef89b770)] -> xpath: //a[@id="account_link"]]}
2024-07-09 20:19:26,496 INFO c.i.l.TestListeners [TestNG-tests-1] ==========================================================
2024-07-09 20:19:26,496 INFO c.i.l.TestListeners [TestNG-tests-1] Test TestThirdUI started
2024-07-09 20:19:26,497 INFO c.i.l.TestListeners [TestNG-tests-1] ==========================================================
2024-07-09 20:19:26,545 INFO c.i.l.ElementListenersActions [TestNG-tests-2] Find element By.xpath: //a[@id="account_link"] Decorated {[[RemoteWebDriver: chrome on Windows 10 (5977c4d07b8e0f6f19efc355ef89b770)] -> xpath: //a[@id="account_link"]]} Decorated {[[RemoteWebDriver: chrome on Windows 10 (5977c4d07b8e0f6f19efc355ef89b770)] -> xpath: //a[@id="account_link"]]}
2024-07-09 20:19:30,611 INFO c.i.l.TestListeners [TestNG-tests-2] ==========================================================
2024-07-09 20:19:30,611 INFO c.i.l.TestListeners [TestNG-tests-2] Test TestFourthUI started
2024-07-09 20:19:30,611 INFO c.i.l.TestListeners [TestNG-tests-2] ==========================================================
2024-07-09 20:19:30,654 INFO c.i.l.ElementListenersActions [TestNG-tests-1] Find element By.xpath: //a[@id="account_link"] Decorated {[[RemoteWebDriver: chrome on Windows 10 (5977c4d07b8e0f6f19efc355ef89b770)] -> xpath: //a[@id="account_link"]]} Decorated {[[RemoteWebDriver: chrome on Windows 10 (5977c4d07b8e0f6f19efc355ef89b770)] -> xpath: //a[@id="account_link"]]}
2024-07-09 20:19:35,676 INFO c.i.l.TestListeners [TestNG-tests-1] ==========================================================
2024-07-09 20:19:35,677 INFO c.i.l.TestListeners [TestNG-tests-1] Test TestThirdUI started
2024-07-09 20:19:35,677 INFO c.i.l.TestListeners [TestNG-tests-1] ==========================================================
2024-07-09 20:19:35,856 INFO c.i.l.ElementListenersActions [TestNG-tests-2] Find element By.xpath: //a[@id="account_link"] Decorated {[[RemoteWebDriver: chrome on Windows 10 (5977c4d07b8e0f6f19efc355ef89b770)] -> xpath: //a[@id="account_link"]]} Decorated {[[RemoteWebDriver: chrome on Windows 10 (5977c4d07b8e0f6f19efc355ef89b770)] -> xpath: //a[@id="account_link"]]}
2024-07-09 20:19:39,399 INFO c.i.l.TestListeners [TestNG-tests-2] ==========================================================
2024-07-09 20:19:39,400 INFO c.i.l.TestListeners [TestNG-tests-2] Test TestFourthUI started
2024-07-09 20:19:39,400 INFO c.i.l.TestListeners [TestNG-tests-2] ==========================================================
2024-07-09 20:19:39,499 INFO c.i.l.ElementListenersActions [TestNG-tests-1] Find element By.xpath: //a[@id="account_link"] Decorated {[[RemoteWebDriver: chrome on Windows 10 (5977c4d07b8e0f6f19efc355ef89b770)] -> xpath: //a[@id="account_link"]]} Decorated {[[RemoteWebDriver: chrome on Windows 10 (5977c4d07b8e0f6f19efc355ef89b770)] -> xpath: //a[@id="account_link"]]}
2024-07-09 20:19:42,234 INFO c.i.l.TestListeners [TestNG-tests-1] ==========================================================
2024-07-09 20:19:42,234 INFO c.i.l.TestListeners [TestNG-tests-1] Test TestThirdUI started
2024-07-09 20:19:42,235 INFO c.i.l.TestListeners [TestNG-tests-1] ==========================================================
2024-07-09 20:19:42,346 INFO c.i.l.ElementListenersActions [TestNG-tests-2] Find element By.xpath: //a[@id="account_link"] Decorated {[[RemoteWebDriver: chrome on Windows 10 (5977c4d07b8e0f6f19efc355ef89b770)] -> xpath: //a[@id="account_link"]]} Decorated {[[RemoteWebDriver: chrome on Windows 10 (5977c4d07b8e0f6f19efc355ef89b770)] -> xpath: //a[@id="account_link"]]}
2024-07-09 20:19:45,894 INFO c.i.l.TestListeners [TestNG-tests-2] ==========================================================
2024-07-09 20:19:45,894 INFO c.i.l.TestListeners [TestNG-tests-2] Test TestFourthUI started
2024-07-09 20:19:45,895 INFO c.i.l.TestListeners [TestNG-tests-2] ==========================================================
2024-07-09 20:19:46,000 INFO c.i.l.ElementListenersActions [TestNG-tests-1] Find element By.xpath: //a[@id="account_link"] Decorated {[[RemoteWebDriver: chrome on Windows 10 (5977c4d07b8e0f6f19efc355ef89b770)] -> xpath: //a[@id="account_link"]]} Decorated {[[RemoteWebDriver: chrome on Windows 10 (5977c4d07b8e0f6f19efc355ef89b770)] -> xpath: //a[@id="account_link"]]}
2024-07-09 20:19:51,423 INFO c.i.l.TestListeners [TestNG-tests-1] ==========================================================
2024-07-09 20:19:51,424 INFO c.i.l.TestListeners [TestNG-tests-1] Test TestThirdUI failure
2024-07-09 20:19:51,424 INFO c.i.l.TestListeners [TestNG-tests-1] ==========================================================
2024-07-09 20:19:51,738 INFO c.i.l.ElementListenersActions [TestNG-tests-2] Find element By.xpath: //a[@id="account_link"] Decorated {[[RemoteWebDriver: chrome on Windows 10 (5977c4d07b8e0f6f19efc355ef89b770)] -> xpath: //a[@id="account_link"]]} Decorated {[[RemoteWebDriver: chrome on Windows 10 (5977c4d07b8e0f6f19efc355ef89b770)] -> xpath: //a[@id="account_link"]]}
2024-07-09 20:19:51,741 INFO c.i.l.TestListeners [TestNG-tests-1] ==========================================================
2024-07-09 20:19:51,742 INFO c.i.l.TestListeners [TestNG-tests-1] Test TestThirdUI started
2024-07-09 20:19:51,742 INFO c.i.l.TestListeners [TestNG-tests-1] ==========================================================
2024-07-09 20:19:59,378 INFO c.i.l.TestListeners [TestNG-tests-2] ==========================================================
2024-07-09 20:19:59,379 INFO c.i.l.TestListeners [TestNG-tests-2] Test TestFourthUI failure
2024-07-09 20:19:59,379 INFO c.i.l.TestListeners [TestNG-tests-2] ==========================================================
2024-07-09 20:19:59,572 INFO c.i.l.ElementListenersActions [TestNG-tests-1] Find element By.xpath: //a[@id="account_link"] Decorated {[[RemoteWebDriver: chrome on Windows 10 (5977c4d07b8e0f6f19efc355ef89b770)] -> xpath: //a[@id="account_link"]]} Decorated {[[RemoteWebDriver: chrome on Windows 10 (5977c4d07b8e0f6f19efc355ef89b770)] -> xpath: //a[@id="account_link"]]}
2024-07-09 20:20:00,718 INFO c.i.l.TestListeners [TestNG-tests-1] ==========================================================
2024-07-09 20:20:00,719 INFO c.i.l.TestListeners [TestNG-tests-1] Test TestThirdUI started
2024-07-09 20:20:00,719 INFO c.i.l.TestListeners [TestNG-tests-1] ==========================================================
2024-07-09 20:20:00,758 INFO c.i.l.TestListeners [TestNG-tests-1] ==========================================================
2024-07-09 20:20:00,759 INFO c.i.l.TestListeners [TestNG-tests-1] Test TestThirdUI started
2024-07-09 20:20:00,760 INFO c.i.l.TestListeners [TestNG-tests-1] ==========================================================
2024-07-09 20:20:00,772 INFO c.i.l.TestListeners [TestNG-tests-1] ==========================================================
2024-07-09 20:20:00,773 INFO c.i.l.TestListeners [TestNG-tests-1] Test TestThirdUI started
2024-07-09 20:20:00,773 INFO c.i.l.TestListeners [TestNG-tests-1] ==========================================================
2024-07-09 20:20:00,791 INFO c.i.l.TestListeners [TestNG-tests-1] ==========================================================
2024-07-09 20:20:00,793 INFO c.i.l.TestListeners [TestNG-tests-1] Test TestThirdUI started
2024-07-09 20:20:00,794 INFO c.i.l.TestListeners [TestNG-tests-1] ==========================================================
2024-07-09 20:20:00,807 INFO c.i.l.TestListeners [TestNG-tests-1] ==========================================================
2024-07-09 20:20:00,808 INFO c.i.l.TestListeners [TestNG-tests-1] Test TestThirdUI failure
2024-07-09 20:20:00,808 INFO c.i.l.TestListeners [TestNG-tests-1] ==========================================================
2024-07-09 20:20:00,810 INFO c.i.l.TestListeners [TestNG-tests-1] ==========================================================
2024-07-09 20:20:00,810 INFO c.i.l.TestListeners [TestNG-tests-1] Test TestThirdUI failure
2024-07-09 20:20:00,811 INFO c.i.l.TestListeners [TestNG-tests-1] ==========================================================
