2024-07-09 20:24:28,891 INFO c.i.l.TestListeners [TestNG-tests-2] ==========================================================
2024-07-09 20:24:28,891 INFO c.i.l.TestListeners [TestNG-tests-1] ==========================================================
2024-07-09 20:24:28,901 INFO c.i.l.TestListeners [TestNG-tests-2] Test TestSecondUI started
2024-07-09 20:24:28,901 INFO c.i.l.TestListeners [TestNG-tests-1] Test TestFirstUI started
2024-07-09 20:24:28,901 INFO c.i.l.TestListeners [TestNG-tests-2] ==========================================================
2024-07-09 20:24:28,901 INFO c.i.l.TestListeners [TestNG-tests-1] ==========================================================
2024-07-09 20:24:37,210 INFO c.i.l.ElementListenersActions [TestNG-tests-1] Find element By.xpath: //*[@name="search"] Decorated {[[RemoteWebDriver: chrome on Windows 10 (1e7e0551c6b162a727b5e12148072c29)] -> xpath: //*[@name="search"]]} Decorated {[[RemoteWebDriver: chrome on Windows 10 (1e7e0551c6b162a727b5e12148072c29)] -> xpath: //*[@name="search"]]}
2024-07-09 20:24:37,241 INFO c.i.l.ElementListenersActions [TestNG-tests-2] Find element By.xpath: //*[@name="search"] Decorated {[[RemoteWebDriver: chrome on Windows 10 (1e7e0551c6b162a727b5e12148072c29)] -> xpath: //*[@name="search"]]} Decorated {[[RemoteWebDriver: chrome on Windows 10 (1e7e0551c6b162a727b5e12148072c29)] -> xpath: //*[@name="search"]]}
2024-07-09 20:24:37,330 INFO c.i.l.ElementListenersActions [TestNG-tests-1] Find element By.xpath: //*[@name="search"] Decorated {[[RemoteWebDriver: chrome on Windows 10 (1e7e0551c6b162a727b5e12148072c29)] -> xpath: //*[@name="search"]]} Decorated {[[RemoteWebDriver: chrome on Windows 10 (1e7e0551c6b162a727b5e12148072c29)] -> xpath: //*[@name="search"]]}
2024-07-09 20:24:37,351 INFO c.i.l.ElementListenersActions [TestNG-tests-2] Find element By.xpath: //*[@name="search"] Decorated {[[RemoteWebDriver: chrome on Windows 10 (1e7e0551c6b162a727b5e12148072c29)] -> xpath: //*[@name="search"]]} Decorated {[[RemoteWebDriver: chrome on Windows 10 (1e7e0551c6b162a727b5e12148072c29)] -> xpath: //*[@name="search"]]}
2024-07-09 20:24:37,599 INFO c.i.l.ElementListenersActions [TestNG-tests-1] Click to [[RemoteWebDriver: chrome on Windows 10 (1e7e0551c6b162a727b5e12148072c29)] -> xpath: //*[@name="search"]]
2024-07-09 20:24:37,671 INFO c.i.l.ElementListenersActions [TestNG-tests-2] Click to [[RemoteWebDriver: chrome on Windows 10 (1e7e0551c6b162a727b5e12148072c29)] -> xpath: //*[@name="search"]]
2024-07-09 20:24:37,703 INFO c.i.l.ElementListenersActions [TestNG-tests-1] Find element By.xpath: //*[@name="search"] Decorated {[[RemoteWebDriver: chrome on Windows 10 (1e7e0551c6b162a727b5e12148072c29)] -> xpath: //*[@name="search"]]} Decorated {[[RemoteWebDriver: chrome on Windows 10 (1e7e0551c6b162a727b5e12148072c29)] -> xpath: //*[@name="search"]]}
2024-07-09 20:24:37,719 INFO c.i.l.ElementListenersActions [TestNG-tests-2] Find element By.xpath: //*[@name="search"] Decorated {[[RemoteWebDriver: chrome on Windows 10 (1e7e0551c6b162a727b5e12148072c29)] -> xpath: //*[@name="search"]]} Decorated {[[RemoteWebDriver: chrome on Windows 10 (1e7e0551c6b162a727b5e12148072c29)] -> xpath: //*[@name="search"]]}
2024-07-09 20:24:37,794 INFO c.i.l.ElementListenersActions [TestNG-tests-1] [Ljava.lang.CharSequence;@6cea8712 was typed element [[RemoteWebDriver: chrome on Windows 10 (1e7e0551c6b162a727b5e12148072c29)] -> xpath: //*[@name="search"]]
2024-07-09 20:24:37,848 INFO c.i.l.ElementListenersActions [TestNG-tests-2] [Ljava.lang.CharSequence;@1c7cf683 was typed element [[RemoteWebDriver: chrome on Windows 10 (1e7e0551c6b162a727b5e12148072c29)] -> xpath: //*[@name="search"]]
2024-07-09 20:24:37,899 INFO c.i.l.ElementListenersActions [TestNG-tests-1] Find element By.xpath: //button[@type="button"] Decorated {[[RemoteWebDriver: chrome on Windows 10 (1e7e0551c6b162a727b5e12148072c29)] -> xpath: //button[@type="button"]]} Decorated {[[RemoteWebDriver: chrome on Windows 10 (1e7e0551c6b162a727b5e12148072c29)] -> xpath: //button[@type="button"]]}
2024-07-09 20:24:37,928 INFO c.i.l.ElementListenersActions [TestNG-tests-2] Find element By.xpath: //button[@type="button"] Decorated {[[RemoteWebDriver: chrome on Windows 10 (1e7e0551c6b162a727b5e12148072c29)] -> xpath: //button[@type="button"]]} Decorated {[[RemoteWebDriver: chrome on Windows 10 (1e7e0551c6b162a727b5e12148072c29)] -> xpath: //button[@type="button"]]}
2024-07-09 20:24:39,583 INFO c.i.l.ElementListenersActions [TestNG-tests-1] Click to [[RemoteWebDriver: chrome on Windows 10 (1e7e0551c6b162a727b5e12148072c29)] -> xpath: //button[@type="button"]]
2024-07-09 20:24:39,670 INFO c.i.l.TestListeners [TestNG-tests-2] ==========================================================
2024-07-09 20:24:39,670 INFO c.i.l.TestListeners [TestNG-tests-2] Test TestSecondUI started
2024-07-09 20:24:39,671 INFO c.i.l.TestListeners [TestNG-tests-2] ==========================================================
2024-07-09 20:24:39,994 INFO c.i.l.ElementListenersActions [TestNG-tests-1] Find elements By.xpath: //div[@class="product "] [Decorated {[[RemoteWebDriver: chrome on Windows 10 (1e7e0551c6b162a727b5e12148072c29)] -> xpath: //div[@class="product "]]}, Decorated {[[RemoteWebDriver: chrome on Windows 10 (1e7e0551c6b162a727b5e12148072c29)] -> xpath: //div[@class="product "]]}, Decorated {[[RemoteWebDriver: chrome on Windows 10 (1e7e0551c6b162a727b5e12148072c29)] -> xpath: //div[@class="product "]]}, Decorated {[[RemoteWebDriver: chrome on Windows 10 (1e7e0551c6b162a727b5e12148072c29)] -> xpath: //div[@class="product "]]}, Decorated {[[RemoteWebDriver: chrome on Windows 10 (1e7e0551c6b162a727b5e12148072c29)] -> xpath: //div[@class="product "]]}, Decorated {[[RemoteWebDriver: chrome on Windows 10 (1e7e0551c6b162a727b5e12148072c29)] -> xpath: //div[@class="product "]]}, Decorated {[[RemoteWebDriver: chrome on Windows 10 (1e7e0551c6b162a727b5e12148072c29)] -> xpath: //div[@class="product "]]}, Decorated {[[RemoteWebDriver: chrome on Windows 10 (1e7e0551c6b162a727b5e12148072c29)] -> xpath: //div[@class="product "]]}, Decorated {[[RemoteWebDriver: chrome on Windows 10 (1e7e0551c6b162a727b5e12148072c29)] -> xpath: //div[@class="product "]]}, Decorated {[[RemoteWebDriver: chrome on Windows 10 (1e7e0551c6b162a727b5e12148072c29)] -> xpath: //div[@class="product "]]}, Decorated {[[RemoteWebDriver: chrome on Windows 10 (1e7e0551c6b162a727b5e12148072c29)] -> xpath: //div[@class="product "]]}, Decorated {[[RemoteWebDriver: chrome on Windows 10 (1e7e0551c6b162a727b5e12148072c29)] -> xpath: //div[@class="product "]]}, Decorated {[[RemoteWebDriver: chrome on Windows 10 (1e7e0551c6b162a727b5e12148072c29)] -> xpath: //div[@class="product "]]}, Decorated {[[RemoteWebDriver: chrome on Windows 10 (1e7e0551c6b162a727b5e12148072c29)] -> xpath: //div[@class="product "]]}, Decorated {[[RemoteWebDriver: chrome on Windows 10 (1e7e0551c6b162a727b5e12148072c29)] -> xpath: //div[@class="product "]]}, Decorated {[[RemoteWebDriver: chrome on Windows 10 (1e7e0551c6b162a727b5e12148072c29)] -> xpath: //div[@class="product "]]}, Decorated {[[RemoteWebDriver: chrome on Windows 10 (1e7e0551c6b162a727b5e12148072c29)] -> xpath: //div[@class="product "]]}, Decorated {[[RemoteWebDriver: chrome on Windows 10 (1e7e0551c6b162a727b5e12148072c29)] -> xpath: //div[@class="product "]]}, Decorated {[[RemoteWebDriver: chrome on Windows 10 (1e7e0551c6b162a727b5e12148072c29)] -> xpath: //div[@class="product "]]}, Decorated {[[RemoteWebDriver: chrome on Windows 10 (1e7e0551c6b162a727b5e12148072c29)] -> xpath: //div[@class="product "]]}, Decorated {[[RemoteWebDriver: chrome on Windows 10 (1e7e0551c6b162a727b5e12148072c29)] -> xpath: //div[@class="product "]]}, Decorated {[[RemoteWebDriver: chrome on Windows 10 (1e7e0551c6b162a727b5e12148072c29)] -> xpath: //div[@class="product "]]}, Decorated {[[RemoteWebDriver: chrome on Windows 10 (1e7e0551c6b162a727b5e12148072c29)] -> xpath: //div[@class="product "]]}, Decorated {[[RemoteWebDriver: chrome on Windows 10 (1e7e0551c6b162a727b5e12148072c29)] -> xpath: //div[@class="product "]]}, Decorated {[[RemoteWebDriver: chrome on Windows 10 (1e7e0551c6b162a727b5e12148072c29)] -> xpath: //div[@class="product "]]}, Decorated {[[RemoteWebDriver: chrome on Windows 10 (1e7e0551c6b162a727b5e12148072c29)] -> xpath: //div[@class="product "]]}, Decorated {[[RemoteWebDriver: chrome on Windows 10 (1e7e0551c6b162a727b5e12148072c29)] -> xpath: //div[@class="product "]]}, Decorated {[[RemoteWebDriver: chrome on Windows 10 (1e7e0551c6b162a727b5e12148072c29)] -> xpath: //div[@class="product "]]}, Decorated {[[RemoteWebDriver: chrome on Windows 10 (1e7e0551c6b162a727b5e12148072c29)] -> xpath: //div[@class="product "]]}, Decorated {[[RemoteWebDriver: chrome on Windows 10 (1e7e0551c6b162a727b5e12148072c29)] -> xpath: //div[@class="product "]]}]
2024-07-09 20:24:42,878 INFO c.i.l.TestListeners [TestNG-tests-1] ==========================================================
2024-07-09 20:24:42,879 INFO c.i.l.TestListeners [TestNG-tests-1] Test TestFirstUI started
2024-07-09 20:24:42,881 INFO c.i.l.TestListeners [TestNG-tests-1] ==========================================================
2024-07-09 20:24:42,959 INFO c.i.l.ElementListenersActions [TestNG-tests-2] Find element By.xpath: //*[@name="search"] Decorated {[[RemoteWebDriver: chrome on Windows 10 (1e7e0551c6b162a727b5e12148072c29)] -> xpath: //*[@name="search"]]} Decorated {[[RemoteWebDriver: chrome on Windows 10 (1e7e0551c6b162a727b5e12148072c29)] -> xpath: //*[@name="search"]]}
2024-07-09 20:24:45,291 INFO c.i.l.TestListeners [TestNG-tests-2] ==========================================================
2024-07-09 20:24:45,291 INFO c.i.l.TestListeners [TestNG-tests-2] Test TestSecondUI started
2024-07-09 20:24:45,292 INFO c.i.l.TestListeners [TestNG-tests-2] ==========================================================
2024-07-09 20:24:45,320 INFO c.i.l.ElementListenersActions [TestNG-tests-1] Find element By.xpath: //*[@name="search"] Decorated {[[RemoteWebDriver: chrome on Windows 10 (1e7e0551c6b162a727b5e12148072c29)] -> xpath: //*[@name="search"]]} Decorated {[[RemoteWebDriver: chrome on Windows 10 (1e7e0551c6b162a727b5e12148072c29)] -> xpath: //*[@name="search"]]}
2024-07-09 20:24:49,277 INFO c.i.l.TestListeners [TestNG-tests-1] ==========================================================
2024-07-09 20:24:49,278 INFO c.i.l.TestListeners [TestNG-tests-1] Test TestFirstUI started
2024-07-09 20:24:49,279 INFO c.i.l.TestListeners [TestNG-tests-1] ==========================================================
2024-07-09 20:24:49,347 INFO c.i.l.ElementListenersActions [TestNG-tests-2] Find element By.xpath: //*[@name="search"] Decorated {[[RemoteWebDriver: chrome on Windows 10 (1e7e0551c6b162a727b5e12148072c29)] -> xpath: //*[@name="search"]]} Decorated {[[RemoteWebDriver: chrome on Windows 10 (1e7e0551c6b162a727b5e12148072c29)] -> xpath: //*[@name="search"]]}
2024-07-09 20:24:53,206 INFO c.i.l.TestListeners [TestNG-tests-2] ==========================================================
2024-07-09 20:24:53,207 INFO c.i.l.TestListeners [TestNG-tests-2] Test TestSecondUI started
2024-07-09 20:24:53,207 INFO c.i.l.TestListeners [TestNG-tests-2] ==========================================================
2024-07-09 20:24:53,257 INFO c.i.l.ElementListenersActions [TestNG-tests-1] Find element By.xpath: //*[@name="search"] Decorated {[[RemoteWebDriver: chrome on Windows 10 (1e7e0551c6b162a727b5e12148072c29)] -> xpath: //*[@name="search"]]} Decorated {[[RemoteWebDriver: chrome on Windows 10 (1e7e0551c6b162a727b5e12148072c29)] -> xpath: //*[@name="search"]]}
2024-07-09 20:24:55,397 INFO c.i.l.TestListeners [TestNG-tests-1] ==========================================================
2024-07-09 20:24:55,397 INFO c.i.l.TestListeners [TestNG-tests-1] Test TestFirstUI started
2024-07-09 20:24:55,397 INFO c.i.l.TestListeners [TestNG-tests-1] ==========================================================
2024-07-09 20:24:55,446 INFO c.i.l.ElementListenersActions [TestNG-tests-2] Find element By.xpath: //*[@name="search"] Decorated {[[RemoteWebDriver: chrome on Windows 10 (1e7e0551c6b162a727b5e12148072c29)] -> xpath: //*[@name="search"]]} Decorated {[[RemoteWebDriver: chrome on Windows 10 (1e7e0551c6b162a727b5e12148072c29)] -> xpath: //*[@name="search"]]}
2024-07-09 20:24:57,755 INFO c.i.l.TestListeners [TestNG-tests-2] ==========================================================
2024-07-09 20:24:57,756 INFO c.i.l.TestListeners [TestNG-tests-2] Test TestSecondUI started
2024-07-09 20:24:57,756 INFO c.i.l.TestListeners [TestNG-tests-2] ==========================================================
2024-07-09 20:24:57,788 INFO c.i.l.ElementListenersActions [TestNG-tests-1] Find element By.xpath: //*[@name="search"] Decorated {[[RemoteWebDriver: chrome on Windows 10 (1e7e0551c6b162a727b5e12148072c29)] -> xpath: //*[@name="search"]]} Decorated {[[RemoteWebDriver: chrome on Windows 10 (1e7e0551c6b162a727b5e12148072c29)] -> xpath: //*[@name="search"]]}
2024-07-09 20:25:00,568 INFO c.i.l.TestListeners [TestNG-tests-1] ==========================================================
2024-07-09 20:25:00,568 INFO c.i.l.TestListeners [TestNG-tests-1] Test TestFirstUI started
2024-07-09 20:25:00,569 INFO c.i.l.TestListeners [TestNG-tests-1] ==========================================================
2024-07-09 20:25:00,747 INFO c.i.l.ElementListenersActions [TestNG-tests-2] Find element By.xpath: //*[@name="search"] Decorated {[[RemoteWebDriver: chrome on Windows 10 (1e7e0551c6b162a727b5e12148072c29)] -> xpath: //*[@name="search"]]} Decorated {[[RemoteWebDriver: chrome on Windows 10 (1e7e0551c6b162a727b5e12148072c29)] -> xpath: //*[@name="search"]]}
2024-07-09 20:25:02,962 INFO c.i.l.TestListeners [TestNG-tests-2] ==========================================================
2024-07-09 20:25:02,963 INFO c.i.l.TestListeners [TestNG-tests-2] Test TestSecondUI failure
2024-07-09 20:25:02,963 INFO c.i.l.TestListeners [TestNG-tests-2] ==========================================================
2024-07-09 20:25:03,112 INFO c.i.l.ElementListenersActions [TestNG-tests-1] Find element By.xpath: //*[@name="search"] Decorated {[[RemoteWebDriver: chrome on Windows 10 (1e7e0551c6b162a727b5e12148072c29)] -> xpath: //*[@name="search"]]} Decorated {[[RemoteWebDriver: chrome on Windows 10 (1e7e0551c6b162a727b5e12148072c29)] -> xpath: //*[@name="search"]]}
2024-07-09 20:25:03,341 INFO c.i.l.ElementListenersActions [TestNG-tests-1] Find element By.xpath: //*[@name="search"] Decorated {[[RemoteWebDriver: chrome on Windows 10 (1e7e0551c6b162a727b5e12148072c29)] -> xpath: //*[@name="search"]]} Decorated {[[RemoteWebDriver: chrome on Windows 10 (1e7e0551c6b162a727b5e12148072c29)] -> xpath: //*[@name="search"]]}
2024-07-09 20:25:03,464 INFO c.i.l.ElementListenersActions [TestNG-tests-1] Click to [[RemoteWebDriver: chrome on Windows 10 (1e7e0551c6b162a727b5e12148072c29)] -> xpath: //*[@name="search"]]
2024-07-09 20:25:03,614 INFO c.i.l.TestListeners [TestNG-tests-1] ==========================================================
2024-07-09 20:25:03,614 INFO c.i.l.TestListeners [TestNG-tests-1] Test TestFirstUI failure
2024-07-09 20:25:03,615 INFO c.i.l.TestListeners [TestNG-tests-1] ==========================================================
2024-07-09 20:25:03,640 INFO c.i.l.TestListeners [TestNG-tests-1] ==========================================================
2024-07-09 20:25:03,641 INFO c.i.l.TestListeners [TestNG-tests-1] Test TestFirstUI failure
2024-07-09 20:25:03,641 INFO c.i.l.TestListeners [TestNG-tests-1] ==========================================================
2024-07-09 20:25:03,644 INFO c.i.l.TestListeners [TestNG-tests-2] ==========================================================
2024-07-09 20:25:03,647 INFO c.i.l.TestListeners [TestNG-tests-2] Test TestThirdUI started
2024-07-09 20:25:03,648 INFO c.i.l.TestListeners [TestNG-tests-2] ==========================================================
2024-07-09 20:25:03,649 INFO c.i.l.TestListeners [TestNG-tests-1] ==========================================================
2024-07-09 20:25:03,650 INFO c.i.l.TestListeners [TestNG-tests-1] Test TestFourthUI started
2024-07-09 20:25:03,650 INFO c.i.l.TestListeners [TestNG-tests-1] ==========================================================
2024-07-09 20:25:12,026 INFO c.i.l.ElementListenersActions [TestNG-tests-2] Find element By.xpath: //a[@id="account_link"] Decorated {[[RemoteWebDriver: chrome on Windows 10 (377fc5c8c09bae9a379a9ba621126311)] -> xpath: //a[@id="account_link"]]} Decorated {[[RemoteWebDriver: chrome on Windows 10 (377fc5c8c09bae9a379a9ba621126311)] -> xpath: //a[@id="account_link"]]}
2024-07-09 20:25:12,080 INFO c.i.l.ElementListenersActions [TestNG-tests-1] Find element By.xpath: //a[@id="account_link"] Decorated {[[RemoteWebDriver: chrome on Windows 10 (377fc5c8c09bae9a379a9ba621126311)] -> xpath: //a[@id="account_link"]]} Decorated {[[RemoteWebDriver: chrome on Windows 10 (377fc5c8c09bae9a379a9ba621126311)] -> xpath: //a[@id="account_link"]]}
2024-07-09 20:25:14,707 INFO c.i.l.TestListeners [TestNG-tests-1] ==========================================================
2024-07-09 20:25:14,707 INFO c.i.l.TestListeners [TestNG-tests-1] Test TestFourthUI started
2024-07-09 20:25:14,708 INFO c.i.l.TestListeners [TestNG-tests-1] ==========================================================
2024-07-09 20:25:14,751 INFO c.i.l.ElementListenersActions [TestNG-tests-2] Find element By.xpath: //input[@class="form-control"] Decorated {[[RemoteWebDriver: chrome on Windows 10 (377fc5c8c09bae9a379a9ba621126311)] -> xpath: //input[@class="form-control"]]} Decorated {[[RemoteWebDriver: chrome on Windows 10 (377fc5c8c09bae9a379a9ba621126311)] -> xpath: //input[@class="form-control"]]}
2024-07-09 20:25:17,219 INFO c.i.l.TestListeners [TestNG-tests-2] ==========================================================
2024-07-09 20:25:17,219 INFO c.i.l.TestListeners [TestNG-tests-2] Test TestThirdUI started
2024-07-09 20:25:17,220 INFO c.i.l.TestListeners [TestNG-tests-2] ==========================================================
2024-07-09 20:25:17,427 INFO c.i.l.ElementListenersActions [TestNG-tests-1] Find element By.xpath: //a[@id="account_link"] Decorated {[[RemoteWebDriver: chrome on Windows 10 (377fc5c8c09bae9a379a9ba621126311)] -> xpath: //a[@id="account_link"]]} Decorated {[[RemoteWebDriver: chrome on Windows 10 (377fc5c8c09bae9a379a9ba621126311)] -> xpath: //a[@id="account_link"]]}
2024-07-09 20:25:20,498 INFO c.i.l.TestListeners [TestNG-tests-1] ==========================================================
2024-07-09 20:25:20,498 INFO c.i.l.TestListeners [TestNG-tests-1] Test TestFourthUI started
2024-07-09 20:25:20,499 INFO c.i.l.TestListeners [TestNG-tests-1] ==========================================================
2024-07-09 20:25:20,746 INFO c.i.l.ElementListenersActions [TestNG-tests-2] Find element By.xpath: //a[@id="account_link"] Decorated {[[RemoteWebDriver: chrome on Windows 10 (377fc5c8c09bae9a379a9ba621126311)] -> xpath: //a[@id="account_link"]]} Decorated {[[RemoteWebDriver: chrome on Windows 10 (377fc5c8c09bae9a379a9ba621126311)] -> xpath: //a[@id="account_link"]]}
2024-07-09 20:25:22,335 INFO c.i.l.TestListeners [TestNG-tests-2] ==========================================================
2024-07-09 20:25:22,336 INFO c.i.l.TestListeners [TestNG-tests-2] Test TestThirdUI started
2024-07-09 20:25:22,336 INFO c.i.l.TestListeners [TestNG-tests-2] ==========================================================
2024-07-09 20:25:22,363 INFO c.i.l.ElementListenersActions [TestNG-tests-1] Find element By.xpath: //a[@id="account_link"] Decorated {[[RemoteWebDriver: chrome on Windows 10 (377fc5c8c09bae9a379a9ba621126311)] -> xpath: //a[@id="account_link"]]} Decorated {[[RemoteWebDriver: chrome on Windows 10 (377fc5c8c09bae9a379a9ba621126311)] -> xpath: //a[@id="account_link"]]}
2024-07-09 20:25:24,159 INFO c.i.l.TestListeners [TestNG-tests-1] ==========================================================
2024-07-09 20:25:24,159 INFO c.i.l.TestListeners [TestNG-tests-1] Test TestFourthUI started
2024-07-09 20:25:24,160 INFO c.i.l.TestListeners [TestNG-tests-1] ==========================================================
2024-07-09 20:25:24,593 INFO c.i.l.ElementListenersActions [TestNG-tests-2] Find element By.xpath: //a[@id="account_link"] Decorated {[[RemoteWebDriver: chrome on Windows 10 (377fc5c8c09bae9a379a9ba621126311)] -> xpath: //a[@id="account_link"]]} Decorated {[[RemoteWebDriver: chrome on Windows 10 (377fc5c8c09bae9a379a9ba621126311)] -> xpath: //a[@id="account_link"]]}
2024-07-09 20:25:26,470 INFO c.i.l.TestListeners [TestNG-tests-2] ==========================================================
2024-07-09 20:25:26,470 INFO c.i.l.TestListeners [TestNG-tests-2] Test TestThirdUI started
2024-07-09 20:25:26,471 INFO c.i.l.TestListeners [TestNG-tests-2] ==========================================================
2024-07-09 20:25:26,508 INFO c.i.l.ElementListenersActions [TestNG-tests-1] Find element By.xpath: //a[@id="account_link"] Decorated {[[RemoteWebDriver: chrome on Windows 10 (377fc5c8c09bae9a379a9ba621126311)] -> xpath: //a[@id="account_link"]]} Decorated {[[RemoteWebDriver: chrome on Windows 10 (377fc5c8c09bae9a379a9ba621126311)] -> xpath: //a[@id="account_link"]]}
2024-07-09 20:25:27,969 INFO c.i.l.TestListeners [TestNG-tests-1] ==========================================================
2024-07-09 20:25:27,970 INFO c.i.l.TestListeners [TestNG-tests-1] Test TestFourthUI started
2024-07-09 20:25:27,970 INFO c.i.l.TestListeners [TestNG-tests-1] ==========================================================
2024-07-09 20:25:27,996 INFO c.i.l.ElementListenersActions [TestNG-tests-2] Find element By.xpath: //a[@id="account_link"] Decorated {[[RemoteWebDriver: chrome on Windows 10 (377fc5c8c09bae9a379a9ba621126311)] -> xpath: //a[@id="account_link"]]} Decorated {[[RemoteWebDriver: chrome on Windows 10 (377fc5c8c09bae9a379a9ba621126311)] -> xpath: //a[@id="account_link"]]}
2024-07-09 20:25:29,765 INFO c.i.l.TestListeners [TestNG-tests-2] ==========================================================
2024-07-09 20:25:29,766 INFO c.i.l.TestListeners [TestNG-tests-2] Test TestThirdUI started
2024-07-09 20:25:29,766 INFO c.i.l.TestListeners [TestNG-tests-2] ==========================================================
2024-07-09 20:25:29,792 INFO c.i.l.ElementListenersActions [TestNG-tests-1] Find element By.xpath: //a[@id="account_link"] Decorated {[[RemoteWebDriver: chrome on Windows 10 (377fc5c8c09bae9a379a9ba621126311)] -> xpath: //a[@id="account_link"]]} Decorated {[[RemoteWebDriver: chrome on Windows 10 (377fc5c8c09bae9a379a9ba621126311)] -> xpath: //a[@id="account_link"]]}
2024-07-09 20:25:31,684 INFO c.i.l.TestListeners [TestNG-tests-1] ==========================================================
2024-07-09 20:25:31,685 INFO c.i.l.TestListeners [TestNG-tests-1] Test TestFourthUI failure
2024-07-09 20:25:31,685 INFO c.i.l.TestListeners [TestNG-tests-1] ==========================================================
2024-07-09 20:25:32,446 INFO c.i.l.ElementListenersActions [TestNG-tests-2] Find element By.xpath: //a[@id="account_link"] Decorated {[[RemoteWebDriver: chrome on Windows 10 (377fc5c8c09bae9a379a9ba621126311)] -> xpath: //a[@id="account_link"]]} Decorated {[[RemoteWebDriver: chrome on Windows 10 (377fc5c8c09bae9a379a9ba621126311)] -> xpath: //a[@id="account_link"]]}
2024-07-09 20:25:32,617 INFO c.i.l.TestListeners [TestNG-tests-2] ==========================================================
2024-07-09 20:25:32,617 INFO c.i.l.TestListeners [TestNG-tests-2] Test TestThirdUI failure
2024-07-09 20:25:32,617 INFO c.i.l.TestListeners [TestNG-tests-2] ==========================================================
2024-07-09 20:25:32,635 INFO c.i.l.TestListeners [TestNG-tests-2] ==========================================================
2024-07-09 20:25:32,635 INFO c.i.l.TestListeners [TestNG-tests-2] Test TestThirdUI failure
2024-07-09 20:25:32,636 INFO c.i.l.TestListeners [TestNG-tests-2] ==========================================================
